<?xml version="1.0" encoding="UTF-8"?>
<testng-results skipped="0" failed="0" ignored="0" total="1" passed="1">
  <reporter-output>
  </reporter-output>
  <suite name="TestSuite" duration-ms="31590" started-at="2017-01-19T10:16:29Z" finished-at="2017-01-19T10:17:00Z">
    <groups>
    </groups>
    <test name="Login" duration-ms="31590" started-at="2017-01-19T10:16:29Z" finished-at="2017-01-19T10:17:00Z">
      <class name="com.sps.preprod.SpsSetuptest">
        <test-method status="PASS" signature="Initialise()[pri:0, instance:com.sps.preprod.SpsSetuptest@77bb48d5]" name="Initialise" is-config="true" duration-ms="13444" started-at="2017-01-19T15:46:15Z" finished-at="2017-01-19T15:46:29Z">
          <reporter-output>
          </reporter-output>
        </test-method> <!-- Initialise -->
        <test-method status="PASS" signature="beforeClass()[pri:0, instance:com.sps.preprod.SpsSetuptest@77bb48d5]" name="beforeClass" duration-ms="31561" started-at="2017-01-19T15:46:29Z" finished-at="2017-01-19T15:47:00Z">
          <reporter-output>
          </reporter-output>
        </test-method> <!-- beforeClass -->
        <test-method status="PASS" signature="close()[pri:0, instance:com.sps.preprod.SpsSetuptest@77bb48d5]" name="close" is-config="true" duration-ms="804" started-at="2017-01-19T15:47:01Z" finished-at="2017-01-19T15:47:01Z">
          <reporter-output>
          </reporter-output>
        </test-method> <!-- close -->
      </class> <!-- com.sps.preprod.SpsSetuptest -->
    </test> <!-- Login -->
  </suite> <!-- TestSuite -->
</testng-results>
