<?xml version="1.0" encoding="UTF-8"?>
<testng-results skipped="0" failed="0" ignored="0" total="1" passed="1">
  <reporter-output>
  </reporter-output>
  <suite name="TestSuite" duration-ms="39982" started-at="2017-01-12T06:17:35Z" finished-at="2017-01-12T06:18:15Z">
    <groups>
    </groups>
    <test name="Login" duration-ms="39982" started-at="2017-01-12T06:17:35Z" finished-at="2017-01-12T06:18:15Z">
      <class name="com.sps.preprod.SpsSetuptest">
        <test-method status="PASS" signature="Initialise()[pri:0, instance:com.sps.preprod.SpsSetuptest@1b604f19]" name="Initialise" is-config="true" duration-ms="11792" started-at="2017-01-12T11:47:24Z" finished-at="2017-01-12T11:47:35Z">
          <reporter-output>
          </reporter-output>
        </test-method> <!-- Initialise -->
        <test-method status="PASS" signature="beforeClass()[pri:0, instance:com.sps.preprod.SpsSetuptest@1b604f19]" name="beforeClass" duration-ms="39934" started-at="2017-01-12T11:47:35Z" finished-at="2017-01-12T11:48:15Z">
          <reporter-output>
          </reporter-output>
        </test-method> <!-- beforeClass -->
        <test-method status="PASS" signature="close()[pri:0, instance:com.sps.preprod.SpsSetuptest@1b604f19]" name="close" is-config="true" duration-ms="0" started-at="2017-01-12T11:48:15Z" finished-at="2017-01-12T11:48:15Z">
          <reporter-output>
          </reporter-output>
        </test-method> <!-- close -->
      </class> <!-- com.sps.preprod.SpsSetuptest -->
    </test> <!-- Login -->
  </suite> <!-- TestSuite -->
</testng-results>
